Analysis & Synthesis report for lock
Thu Jun 13 16:32:13 2019
Quartus II 64-Bit Version 13.0.1 Build 232 06/12/2013 Service Pack 1 SJ Web Edition


---------------------
; Table of Contents ;
---------------------
  1. Legal Notice
  2. Analysis & Synthesis Summary
  3. Analysis & Synthesis Settings
  4. Parallel Compilation
  5. Analysis & Synthesis Source Files Read
  6. Analysis & Synthesis Resource Usage Summary
  7. Analysis & Synthesis Resource Utilization by Entity
  8. Registers Removed During Synthesis
  9. General Register Statistics
 10. Inverted Register Statistics
 11. Multiplexer Restructuring Statistics (Restructuring Performed)
 12. Elapsed Time Per Partition
 13. Analysis & Synthesis Messages



----------------
; Legal Notice ;
----------------
Copyright (C) 1991-2013 Altera Corporation
Your use of Altera Corporation's design tools, logic functions 
and other software and tools, and its AMPP partner logic 
functions, and any output files from any of the foregoing 
(including device programming or simulation files), and any 
associated documentation or information are expressly subject 
to the terms and conditions of the Altera Program License 
Subscription Agreement, Altera MegaCore Function License 
Agreement, or other applicable license agreement, including, 
without limitation, that your use is for the sole purpose of 
programming logic devices manufactured by Altera and sold by 
Altera or its authorized distributors.  Please refer to the 
applicable agreement for further details.



+--------------------------------------------------------------------------------------+
; Analysis & Synthesis Summary                                                         ;
+------------------------------------+-------------------------------------------------+
; Analysis & Synthesis Status        ; Successful - Thu Jun 13 16:32:13 2019           ;
; Quartus II 64-Bit Version          ; 13.0.1 Build 232 06/12/2013 SP 1 SJ Web Edition ;
; Revision Name                      ; lock                                            ;
; Top-level Entity Name              ; lock                                            ;
; Family                             ; Cyclone II                                      ;
; Total logic elements               ; 334                                             ;
;     Total combinational functions  ; 333                                             ;
;     Dedicated logic registers      ; 175                                             ;
; Total registers                    ; 175                                             ;
; Total pins                         ; 19                                              ;
; Total virtual pins                 ; 0                                               ;
; Total memory bits                  ; 0                                               ;
; Embedded Multiplier 9-bit elements ; 0                                               ;
; Total PLLs                         ; 0                                               ;
+------------------------------------+-------------------------------------------------+


+--------------------------------------------------------------------------------+
; Analysis & Synthesis Settings                                                  ;
+--------------------------------------------------------------------------------+
Option        : Device
Setting       : EP2C5T144C8
Default Value : 

Option        : Top-level entity name
Setting       : lock
Default Value : lock

Option        : Family name
Setting       : Cyclone II
Default Value : Cyclone IV GX

Option        : Use smart compilation
Setting       : Off
Default Value : Off

Option        : Enable parallel Assembler and TimeQuest Timing Analyzer during compilation
Setting       : On
Default Value : On

Option        : Enable compact report table
Setting       : Off
Default Value : Off

Option        : Restructure Multiplexers
Setting       : Auto
Default Value : Auto

Option        : Create Debugging Nodes for IP Cores
Setting       : Off
Default Value : Off

Option        : Preserve fewer node names
Setting       : On
Default Value : On

Option        : Disable OpenCore Plus hardware evaluation
Setting       : Off
Default Value : Off

Option        : Verilog Version
Setting       : Verilog_2001
Default Value : Verilog_2001

Option        : VHDL Version
Setting       : VHDL_1993
Default Value : VHDL_1993

Option        : State Machine Processing
Setting       : Auto
Default Value : Auto

Option        : Safe State Machine
Setting       : Off
Default Value : Off

Option        : Extract Verilog State Machines
Setting       : On
Default Value : On

Option        : Extract VHDL State Machines
Setting       : On
Default Value : On

Option        : Ignore Verilog initial constructs
Setting       : Off
Default Value : Off

Option        : Iteration limit for constant Verilog loops
Setting       : 5000
Default Value : 5000

Option        : Iteration limit for non-constant Verilog loops
Setting       : 250
Default Value : 250

Option        : Add Pass-Through Logic to Inferred RAMs
Setting       : On
Default Value : On

Option        : Infer RAMs from Raw Logic
Setting       : On
Default Value : On

Option        : Parallel Synthesis
Setting       : On
Default Value : On

Option        : DSP Block Balancing
Setting       : Auto
Default Value : Auto

Option        : NOT Gate Push-Back
Setting       : On
Default Value : On

Option        : Power-Up Don't Care
Setting       : On
Default Value : On

Option        : Remove Redundant Logic Cells
Setting       : Off
Default Value : Off

Option        : Remove Duplicate Registers
Setting       : On
Default Value : On

Option        : Ignore CARRY Buffers
Setting       : Off
Default Value : Off

Option        : Ignore CASCADE Buffers
Setting       : Off
Default Value : Off

Option        : Ignore GLOBAL Buffers
Setting       : Off
Default Value : Off

Option        : Ignore ROW GLOBAL Buffers
Setting       : Off
Default Value : Off

Option        : Ignore LCELL Buffers
Setting       : Off
Default Value : Off

Option        : Ignore SOFT Buffers
Setting       : On
Default Value : On

Option        : Limit AHDL Integers to 32 Bits
Setting       : Off
Default Value : Off

Option        : Optimization Technique
Setting       : Balanced
Default Value : Balanced

Option        : Carry Chain Length
Setting       : 70
Default Value : 70

Option        : Auto Carry Chains
Setting       : On
Default Value : On

Option        : Auto Open-Drain Pins
Setting       : On
Default Value : On

Option        : Perform WYSIWYG Primitive Resynthesis
Setting       : Off
Default Value : Off

Option        : Auto ROM Replacement
Setting       : On
Default Value : On

Option        : Auto RAM Replacement
Setting       : On
Default Value : On

Option        : Auto Shift Register Replacement
Setting       : Auto
Default Value : Auto

Option        : Allow Shift Register Merging across Hierarchies
Setting       : Auto
Default Value : Auto

Option        : Auto Clock Enable Replacement
Setting       : On
Default Value : On

Option        : Strict RAM Replacement
Setting       : Off
Default Value : Off

Option        : Allow Synchronous Control Signals
Setting       : On
Default Value : On

Option        : Force Use of Synchronous Clear Signals
Setting       : Off
Default Value : Off

Option        : Auto RAM to Logic Cell Conversion
Setting       : Off
Default Value : Off

Option        : Auto Resource Sharing
Setting       : Off
Default Value : Off

Option        : Allow Any RAM Size For Recognition
Setting       : Off
Default Value : Off

Option        : Allow Any ROM Size For Recognition
Setting       : Off
Default Value : Off

Option        : Allow Any Shift Register Size For Recognition
Setting       : Off
Default Value : Off

Option        : Use LogicLock Constraints during Resource Balancing
Setting       : On
Default Value : On

Option        : Ignore translate_off and synthesis_off directives
Setting       : Off
Default Value : Off

Option        : Timing-Driven Synthesis
Setting       : Off
Default Value : Off

Option        : Report Parameter Settings
Setting       : On
Default Value : On

Option        : Report Source Assignments
Setting       : On
Default Value : On

Option        : Report Connectivity Checks
Setting       : On
Default Value : On

Option        : Ignore Maximum Fan-Out Assignments
Setting       : Off
Default Value : Off

Option        : Synchronization Register Chain Length
Setting       : 2
Default Value : 2

Option        : PowerPlay Power Optimization
Setting       : Normal compilation
Default Value : Normal compilation

Option        : HDL message level
Setting       : Level2
Default Value : Level2

Option        : Suppress Register Optimization Related Messages
Setting       : Off
Default Value : Off

Option        : Number of Removed Registers Reported in Synthesis Report
Setting       : 5000
Default Value : 5000

Option        : Number of Swept Nodes Reported in Synthesis Report
Setting       : 5000
Default Value : 5000

Option        : Number of Inverted Registers Reported in Synthesis Report
Setting       : 100
Default Value : 100

Option        : Clock MUX Protection
Setting       : On
Default Value : On

Option        : Auto Gated Clock Conversion
Setting       : Off
Default Value : Off

Option        : Block Design Naming
Setting       : Auto
Default Value : Auto

Option        : SDC constraint protection
Setting       : Off
Default Value : Off

Option        : Synthesis Effort
Setting       : Auto
Default Value : Auto

Option        : Shift Register Replacement - Allow Asynchronous Clear Signal
Setting       : On
Default Value : On

Option        : Pre-Mapping Resynthesis Optimization
Setting       : Off
Default Value : Off

Option        : Analysis & Synthesis Message Level
Setting       : Medium
Default Value : Medium

Option        : Disable Register Merging Across Hierarchies
Setting       : Auto
Default Value : Auto

Option        : Resource Aware Inference For Block RAM
Setting       : On
Default Value : On

Option        : Synthesis Seed
Setting       : 1
Default Value : 1
+--------------------------------------------------------------------------------+



+------------------------------------------+
; Parallel Compilation                     ;
+----------------------------+-------------+
; Processors                 ; Number      ;
+----------------------------+-------------+
; Number detected on machine ; 4           ;
; Maximum allowed            ; 2           ;
;                            ;             ;
; Average used               ; 1.00        ;
; Maximum used               ; 1           ;
;                            ;             ;
; Usage by Processor         ; % Time Used ;
;     Processor 1            ; 100.0%      ;
;     Processors 2-4         ;   0.0%      ;
+----------------------------+-------------+


+--------------------------------------------------------------------------------+
; Analysis & Synthesis Source Files Read                                         ;
+--------------------------------------------------------------------------------+
File Name with User-Entered Path : lock.vhd
Used in Netlist                  : yes
File Type                        : User VHDL File 
File Name with Absolute Path     : C:/SCNU/Study/Test/Quartus/Second(CWH)/lock.vhd
Library                          : 
+--------------------------------------------------------------------------------+



+-----------------------------------------------------+
; Analysis & Synthesis Resource Usage Summary         ;
+---------------------------------------------+-------+
; Resource                                    ; Usage ;
+---------------------------------------------+-------+
; Estimated Total logic elements              ; 334   ;
;                                             ;       ;
; Total combinational functions               ; 333   ;
; Logic element usage by number of LUT inputs ;       ;
;     -- 4 input functions                    ; 101   ;
;     -- 3 input functions                    ; 49    ;
;     -- <=2 input functions                  ; 183   ;
;                                             ;       ;
; Logic elements by mode                      ;       ;
;     -- normal mode                          ; 193   ;
;     -- arithmetic mode                      ; 140   ;
;                                             ;       ;
; Total registers                             ; 175   ;
;     -- Dedicated logic registers            ; 175   ;
;     -- I/O registers                        ; 0     ;
;                                             ;       ;
; I/O pins                                    ; 19    ;
; Embedded Multiplier 9-bit elements          ; 0     ;
; Maximum fan-out node                        ; clk   ;
; Maximum fan-out                             ; 133   ;
; Total fan-out                               ; 1510  ;
; Average fan-out                             ; 2.87  ;
+---------------------------------------------+-------+


+--------------------------------------------------------------------------------+
; Analysis & Synthesis Resource Utilization by Entity                            ;
+--------------------------------------------------------------------------------+
Compilation Hierarchy Node : |lock
LC Combinationals          : 333 (333)
LC Registers               : 175 (175)
Memory Bits                : 0
DSP Elements               : 0
DSP 9x9                    : 0
DSP 18x18                  : 0
Pins                       : 19
Virtual Pins               : 0
Full Hierarchy Name        : |lock
Library Name               : work
+--------------------------------------------------------------------------------+

Note: For table entries with two numbers listed, the numbers in parentheses indicate the number of resources of the given type used by the specific entity alone. The numbers listed outside of parentheses indicate the total resources of the given type used by the specific entity and all of its sub-entities in the hierarchy.


+--------------------------------------------------------------+
; Registers Removed During Synthesis                           ;
+---------------------------------------+----------------------+
; Register name                         ; Reason for Removal   ;
+---------------------------------------+----------------------+
; jishucount[0]                         ; Merged with count[0] ;
; jishucount[1]                         ; Merged with count[1] ;
; jishucount[2]                         ; Merged with count[2] ;
; jishucount[3]                         ; Merged with count[3] ;
; Total Number of Removed Registers = 4 ;                      ;
+---------------------------------------+----------------------+


+------------------------------------------------------+
; General Register Statistics                          ;
+----------------------------------------------+-------+
; Statistic                                    ; Value ;
+----------------------------------------------+-------+
; Total registers                              ; 175   ;
; Number of registers using Synchronous Clear  ; 78    ;
; Number of registers using Synchronous Load   ; 0     ;
; Number of registers using Asynchronous Clear ; 40    ;
; Number of registers using Asynchronous Load  ; 0     ;
; Number of registers using Clock Enable       ; 123   ;
; Number of registers using Preset             ; 0     ;
+----------------------------------------------+-------+


+--------------------------------------------------+
; Inverted Register Statistics                     ;
+----------------------------------------+---------+
; Inverted Register                      ; Fan out ;
+----------------------------------------+---------+
; num3out[1]                             ; 6       ;
; num3out[3]                             ; 6       ;
; Total number of inverted registers = 2 ;         ;
+----------------------------------------+---------+


+--------------------------------------------------------------------------------+
; Multiplexer Restructuring Statistics (Restructuring Performed)                 ;
+--------------------------------------------------------------------------------+
Multiplexer Inputs         : 3:1
Bus Width                  : 26 bits
Baseline Area              : 52 LEs
Area if Restructured       : 26 LEs
Saving if Restructured     : 26 LEs
Registered                 : Yes
Example Multiplexer Output : |lock|key2cnt[16]

Multiplexer Inputs         : 3:1
Bus Width                  : 26 bits
Baseline Area              : 52 LEs
Area if Restructured       : 26 LEs
Saving if Restructured     : 26 LEs
Registered                 : Yes
Example Multiplexer Output : |lock|key3cnt[6]

Multiplexer Inputs         : 3:1
Bus Width                  : 26 bits
Baseline Area              : 52 LEs
Area if Restructured       : 26 LEs
Saving if Restructured     : 26 LEs
Registered                 : Yes
Example Multiplexer Output : |lock|key4cnt[18]

Multiplexer Inputs         : 4:1
Bus Width                  : 2 bits
Baseline Area              : 4 LEs
Area if Restructured       : 4 LEs
Saving if Restructured     : 0 LEs
Registered                 : Yes
Example Multiplexer Output : |lock|moshi[0]

Multiplexer Inputs         : 4:1
Bus Width                  : 5 bits
Baseline Area              : 10 LEs
Area if Restructured       : 10 LEs
Saving if Restructured     : 0 LEs
Registered                 : No
Example Multiplexer Output : |lock|Mux12
+--------------------------------------------------------------------------------+



+-------------------------------+
; Elapsed Time Per Partition    ;
+----------------+--------------+
; Partition Name ; Elapsed Time ;
+----------------+--------------+
; Top            ; 00:00:00     ;
+----------------+--------------+


+-------------------------------+
; Analysis & Synthesis Messages ;
+-------------------------------+
Info: *******************************************************************
Info: Running Quartus II 64-Bit Analysis & Synthesis
    Info: Version 13.0.1 Build 232 06/12/2013 Service Pack 1 SJ Web Edition
    Info: Processing started: Thu Jun 13 16:32:11 2019
Info: Command: quartus_map --read_settings_files=on --write_settings_files=off lock -c lock
Info (11104): Parallel Compilation has detected 4 hyper-threaded processors. However, the extra hyper-threaded processors will not be used by default. Parallel Compilation will use 2 of the 2 physical processors detected instead.
Info (12021): Found 2 design units, including 1 entities, in source file lock.vhd
    Info (12022): Found design unit 1: lock-main
    Info (12023): Found entity 1: lock
Info (12127): Elaborating entity "lock" for the top level hierarchy
Warning (10541): VHDL Signal Declaration warning at lock.vhd(14): used implicit default value for signal "rst" because signal was never assigned a value or an explicit default value. Use of implicit default value may introduce unintended design optimizations.
Warning (10492): VHDL Process Statement warning at lock.vhd(97): signal "num1" is read inside the Process Statement but isn't in the Process Statement's sensitivity list
Warning (10492): VHDL Process Statement warning at lock.vhd(100): signal "num2" is read inside the Process Statement but isn't in the Process Statement's sensitivity list
Warning (10492): VHDL Process Statement warning at lock.vhd(102): signal "num3" is read inside the Process Statement but isn't in the Process Statement's sensitivity list
Warning (10492): VHDL Process Statement warning at lock.vhd(104): signal "num4" is read inside the Process Statement but isn't in the Process Statement's sensitivity list
Warning (10492): VHDL Process Statement warning at lock.vhd(122): signal "state" is read inside the Process Statement but isn't in the Process Statement's sensitivity list
Warning (10492): VHDL Process Statement warning at lock.vhd(153): signal "state" is read inside the Process Statement but isn't in the Process Statement's sensitivity list
Warning (10492): VHDL Process Statement warning at lock.vhd(158): signal "num1out" is read inside the Process Statement but isn't in the Process Statement's sensitivity list
Warning (10492): VHDL Process Statement warning at lock.vhd(159): signal "num2out" is read inside the Process Statement but isn't in the Process Statement's sensitivity list
Warning (10492): VHDL Process Statement warning at lock.vhd(160): signal "num3out" is read inside the Process Statement but isn't in the Process Statement's sensitivity list
Warning (10492): VHDL Process Statement warning at lock.vhd(161): signal "num4out" is read inside the Process Statement but isn't in the Process Statement's sensitivity list
Warning (10492): VHDL Process Statement warning at lock.vhd(168): signal "clk" is read inside the Process Statement but isn't in the Process Statement's sensitivity list
Warning (10492): VHDL Process Statement warning at lock.vhd(185): signal "clk" is read inside the Process Statement but isn't in the Process Statement's sensitivity list
Warning (10492): VHDL Process Statement warning at lock.vhd(201): signal "clk" is read inside the Process Statement but isn't in the Process Statement's sensitivity list
Info (13000): Registers with preset signals will power-up high
Info (13003): DEV_CLRn pin will set, and not reset, register with preset signal due to NOT Gate Push-Back
Warning (13004): Presettable and clearable registers converted to equivalent circuits with latches. Registers power-up to an undefined state, and DEVCLRn places the registers in an undefined state.
    Warning (13310): Register "num2[0]" is converted into an equivalent circuit using register "num2[0]~_emulated" and latch "num2[0]~1"
    Warning (13310): Register "num3[0]" is converted into an equivalent circuit using register "num3[0]~_emulated" and latch "num3[0]~1"
    Warning (13310): Register "num1[0]" is converted into an equivalent circuit using register "num1[0]~_emulated" and latch "num1[0]~1"
    Warning (13310): Register "num4[0]" is converted into an equivalent circuit using register "num4[0]~_emulated" and latch "num4[0]~1"
    Warning (13310): Register "num3[1]" is converted into an equivalent circuit using register "num3[1]~_emulated" and latch "num3[1]~5"
    Warning (13310): Register "num2[1]" is converted into an equivalent circuit using register "num2[1]~_emulated" and latch "num2[1]~5"
    Warning (13310): Register "num1[1]" is converted into an equivalent circuit using register "num1[1]~_emulated" and latch "num1[1]~5"
    Warning (13310): Register "num4[1]" is converted into an equivalent circuit using register "num4[1]~_emulated" and latch "num4[1]~5"
    Warning (13310): Register "num2[2]" is converted into an equivalent circuit using register "num2[2]~_emulated" and latch "num2[2]~9"
    Warning (13310): Register "num3[2]" is converted into an equivalent circuit using register "num3[2]~_emulated" and latch "num3[2]~9"
    Warning (13310): Register "num1[2]" is converted into an equivalent circuit using register "num1[2]~_emulated" and latch "num1[2]~9"
    Warning (13310): Register "num4[2]" is converted into an equivalent circuit using register "num4[2]~_emulated" and latch "num4[2]~9"
    Warning (13310): Register "num3[3]" is converted into an equivalent circuit using register "num3[3]~_emulated" and latch "num3[3]~13"
    Warning (13310): Register "num2[3]" is converted into an equivalent circuit using register "num2[3]~_emulated" and latch "num2[3]~13"
    Warning (13310): Register "num1[3]" is converted into an equivalent circuit using register "num1[3]~_emulated" and latch "num1[3]~13"
    Warning (13310): Register "num4[3]" is converted into an equivalent circuit using register "num4[3]~_emulated" and latch "num4[3]~13"
    Warning (13310): Register "num3[4]" is converted into an equivalent circuit using register "num3[4]~_emulated" and latch "num3[4]~17"
    Warning (13310): Register "num2[4]" is converted into an equivalent circuit using register "num2[4]~_emulated" and latch "num2[4]~17"
    Warning (13310): Register "num1[4]" is converted into an equivalent circuit using register "num1[4]~_emulated" and latch "num1[4]~17"
    Warning (13310): Register "num4[4]" is converted into an equivalent circuit using register "num4[4]~_emulated" and latch "num4[4]~17"
Info (16010): Generating hard_block partition "hard_block:auto_generated_inst"
    Info (16011): Adding 0 node(s), including 0 DDIO, 0 PLL, 0 transceiver and 0 LCELL
Warning (21074): Design contains 3 input pin(s) that do not drive logic
    Warning (15610): No output dependent on input pin "key1"
    Warning (15610): No output dependent on input pin "key5"
    Warning (15610): No output dependent on input pin "reset"
Info (21057): Implemented 353 device resources after synthesis - the final resource count might be different
    Info (21058): Implemented 7 input pins
    Info (21059): Implemented 12 output pins
    Info (21061): Implemented 334 logic cells
Info: Quartus II 64-Bit Analysis & Synthesis was successful. 0 errors, 39 warnings
    Info: Peak virtual memory: 4658 megabytes
    Info: Processing ended: Thu Jun 13 16:32:13 2019
    Info: Elapsed time: 00:00:02
    Info: Total CPU time (on all processors): 00:00:02


