Flow report for oneseg7
Tue May 07 11:21:18 2019
Quartus II 32-bit Version 11.1 Build 259 01/25/2012 Service Pack 2 SJ Full Version


---------------------
; Table of Contents ;
---------------------
  1. Legal Notice
  2. Flow Summary
  3. Flow Settings
  4. Flow Non-Default Global Settings
  5. Flow Elapsed Time
  6. Flow OS Summary
  7. Flow Log



----------------
; Legal Notice ;
----------------
Copyright (C) 1991-2011 Altera Corporation
Your use of Altera Corporation's design tools, logic functions 
and other software and tools, and its AMPP partner logic 
functions, and any output files from any of the foregoing 
(including device programming or simulation files), and any 
associated documentation or information are expressly subject 
to the terms and conditions of the Altera Program License 
Subscription Agreement, Altera MegaCore Function License 
Agreement, or other applicable license agreement, including, 
without limitation, that your use is for the sole purpose of 
programming logic devices manufactured by Altera and sold by 
Altera or its authorized distributors.  Please refer to the 
applicable agreement for further details.



+-------------------------------------------------------------------------------------+
; Flow Summary                                                                        ;
+------------------------------------+------------------------------------------------+
; Flow Status                        ; Successful - Tue May 07 11:21:18 2019          ;
; Quartus II 32-bit Version          ; 11.1 Build 259 01/25/2012 SP 2 SJ Full Version ;
; Revision Name                      ; oneseg7                                        ;
; Top-level Entity Name              ; oneseg7                                        ;
; Family                             ; Cyclone II                                     ;
; Device                             ; EP2C5T144C8                                    ;
; Timing Models                      ; Final                                          ;
; Total logic elements               ; 14 / 4,608 ( < 1 % )                           ;
;     Total combinational functions  ; 14 / 4,608 ( < 1 % )                           ;
;     Dedicated logic registers      ; 4 / 4,608 ( < 1 % )                            ;
; Total registers                    ; 4                                              ;
; Total pins                         ; 15 / 89 ( 17 % )                               ;
; Total virtual pins                 ; 0                                              ;
; Total memory bits                  ; 0 / 119,808 ( 0 % )                            ;
; Embedded Multiplier 9-bit elements ; 0 / 26 ( 0 % )                                 ;
; Total PLLs                         ; 0 / 2 ( 0 % )                                  ;
+------------------------------------+------------------------------------------------+


+-----------------------------------------+
; Flow Settings                           ;
+-------------------+---------------------+
; Option            ; Setting             ;
+-------------------+---------------------+
; Start date & time ; 05/07/2019 11:21:09 ;
; Main task         ; Compilation         ;
; Revision Name     ; oneseg7             ;
+-------------------+---------------------+


+------------------------------------------------------------------------------------------------------------------+
; Flow Non-Default Global Settings                                                                                 ;
+-------------------------------------+---------------------------------+---------------+-------------+------------+
; Assignment Name                     ; Value                           ; Default Value ; Entity Name ; Section Id ;
+-------------------------------------+---------------------------------+---------------+-------------+------------+
; COMPILER_SIGNATURE_ID               ; 158749216565029.155719926829932 ; --            ; --          ; --         ;
; MAX_CORE_JUNCTION_TEMP              ; 85                              ; --            ; --          ; --         ;
; MIN_CORE_JUNCTION_TEMP              ; 0                               ; --            ; --          ; --         ;
; PARTITION_COLOR                     ; 16764057                        ; --            ; --          ; Top        ;
; PARTITION_FITTER_PRESERVATION_LEVEL ; PLACEMENT_AND_ROUTING           ; --            ; --          ; Top        ;
; PARTITION_NETLIST_TYPE              ; SOURCE                          ; --            ; --          ; Top        ;
+-------------------------------------+---------------------------------+---------------+-------------+------------+


+-------------------------------------------------------------------------------------------------------------------------------+
; Flow Elapsed Time                                                                                                             ;
+---------------------------+--------------+-------------------------+---------------------+------------------------------------+
; Module Name               ; Elapsed Time ; Average Processors Used ; Peak Virtual Memory ; Total CPU Time (on all processors) ;
+---------------------------+--------------+-------------------------+---------------------+------------------------------------+
; Analysis & Synthesis      ; 00:00:02     ; 1.0                     ; 381 MB              ; 00:00:02                           ;
; Fitter                    ; 00:00:02     ; 1.0                     ; 436 MB              ; 00:00:03                           ;
; TimeQuest Timing Analyzer ; 00:00:01     ; 1.0                     ; 324 MB              ; 00:00:01                           ;
; Assembler                 ; 00:00:02     ; 1.0                     ; 342 MB              ; 00:00:02                           ;
; Total                     ; 00:00:07     ; --                      ; --                  ; 00:00:08                           ;
+---------------------------+--------------+-------------------------+---------------------+------------------------------------+


+----------------------------------------------------------------------------------------+
; Flow OS Summary                                                                        ;
+---------------------------+------------------+-----------+------------+----------------+
; Module Name               ; Machine Hostname ; OS Name   ; OS Version ; Processor type ;
+---------------------------+------------------+-----------+------------+----------------+
; Analysis & Synthesis      ; DESKTOP-PKDAQFS  ; Windows 7 ; 6.1        ; x86_64         ;
; Fitter                    ; DESKTOP-PKDAQFS  ; Windows 7 ; 6.1        ; x86_64         ;
; TimeQuest Timing Analyzer ; DESKTOP-PKDAQFS  ; Windows 7 ; 6.1        ; x86_64         ;
; Assembler                 ; DESKTOP-PKDAQFS  ; Windows 7 ; 6.1        ; x86_64         ;
+---------------------------+------------------+-----------+------------+----------------+


------------
; Flow Log ;
------------
quartus_map --read_settings_files=on --write_settings_files=off oneseg7 -c oneseg7
quartus_fit --read_settings_files=off --write_settings_files=off oneseg7 -c oneseg7
quartus_sta oneseg7 -c oneseg7
quartus_asm --read_settings_files=off --write_settings_files=off oneseg7 -c oneseg7



